-------------------------------------------------------------------------------
Test set: cengage.samlms.cukes.LMSStories4CukesTest
-------------------------------------------------------------------------------
Tests run: 862, Failures: 4, Errors: 8, Skipped: 281, Time elapsed: 5,491.998 sec <<< FAILURE!
And I click on OK button in Project Creation(| DP:SUPER.USERNAME | DP:SUPER.PASSWORD | DP:NAMEVALIDATION.WARNINGMESSAGE | Projects | DP:SECTIONS.SECTIONNAME2 | N | SAM Assignments | Express Creation | DP:TEXTBOOK.BOOK | Y | DP:NAMEVALIDATION.LOWERCASE | DP:NAMEVALIDATION.UPPERCASE | DP:NAMEVALIDATION.MINCHAR | DP:NAMEVALIDATION.MAXCHAR | DP:NAMEVALIDATION.NUMERICDIGIT | DP:NAMEVALIDATION.SPECIALCHARACTER | DP:NAMEVALIDATION.UPPERLOWER | DP:NAMEVALIDATION.UPPERLOWERNUMERIC | DP:NAMEVALIDATION.UPPERLOWERNUMERICSPECIAL | ! |)  Time elapsed: 0.016 sec  <<< ERROR!
org.openqa.selenium.NoAlertPresentException: no alert open
  (Session info: chrome=56.0.2924.87)
  (Driver info: chromedriver=2.25.426923 (0390b88869384d6eb0d5d09729679f934aab9eed),platform=Windows NT 6.3.9600 x86_64) (WARNING: The server did not provide any stacktrace information)
Command duration or timeout: 0 milliseconds
Build info: version: '2.53.0', revision: '35ae25b1534ae328c771e0856c93e187490ca824', time: '2016-03-15 10:43:46'
System info: host: 'CODOID', ip: '10.161.243.104', os.name: 'Windows 8.1', os.arch: 'amd64', os.version: '6.3', java.version: '1.8.0_91'
Driver info: org.openqa.selenium.chrome.ChromeDriver
Capabilities [{applicationCacheEnabled=false, rotatable=false, mobileEmulationEnabled=false, networkConnectionEnabled=false, chrome={chromedriverVersion=2.25.426923 (0390b88869384d6eb0d5d09729679f934aab9eed), userDataDir=C:\Users\CODOID~1\AppData\Local\Temp\scoped_dir2176_14542}, takesHeapSnapshot=true, pageLoadStrategy=normal, databaseEnabled=false, handlesAlerts=true, hasTouchScreen=false, version=56.0.2924.87, platform=WIN8_1, browserConnectionEnabled=false, nativeEvents=true, acceptSslCerts=true, locationContextEnabled=true, webStorageEnabled=true, browserName=chrome, takesScreenshot=true, javascriptEnabled=true, cssSelectorsEnabled=true}]
Session ID: 8c4845806ffe0d73821faceaa901a606
	at sun.reflect.GeneratedConstructorAccessor20.newInstance(Unknown Source)
	at sun.reflect.DelegatingConstructorAccessorImpl.newInstance(DelegatingConstructorAccessorImpl.java:45)
	at java.lang.reflect.Constructor.newInstance(Constructor.java:423)
	at org.openqa.selenium.remote.ErrorHandler.createThrowable(ErrorHandler.java:206)
	at org.openqa.selenium.remote.ErrorHandler.throwIfResponseFailed(ErrorHandler.java:158)
	at org.openqa.selenium.remote.RemoteWebDriver.execute(RemoteWebDriver.java:678)
	at org.openqa.selenium.remote.RemoteWebDriver.execute(RemoteWebDriver.java:701)
	at org.openqa.selenium.remote.RemoteWebDriver$RemoteTargetLocator.alert(RemoteWebDriver.java:1049)
	at org.openqa.selenium.support.events.EventFiringWebDriver$EventFiringTargetLocator.alert(EventFiringWebDriver.java:615)
	at cengage.common.toolbox.Alert.acceptAlert(Alert.java:19)
	at cengage.samlms.action.SAMAssignmentsAction.acceptPopup(SAMAssignmentsAction.java:851)
	at cengage.samlms.stepdefinition.SAMAssignmentsSteps.I_click_on_OK_button_in_Project_Creation(SAMAssignmentsSteps.java:619)
	at ?.And I click on OK button in Project Creation(test/resources/cengage/samlms/lms_stories/LMSStoriesModule4.feature:275)
| DP:SUPER.USERNAME | DP:SUPER.PASSWORD | DP:NAMEVALIDATION.WARNINGMESSAGE | Projects | DP:SECTIONS.SECTIONNAME2 | N | SAM Assignments | Express Creation | DP:TEXTBOOK.BOOK | Y | DP:NAMEVALIDATION.LOWERCASE | DP:NAMEVALIDATION.UPPERCASE | DP:NAMEVALIDATION.MINCHAR | DP:NAMEVALIDATION.MAXCHAR | DP:NAMEVALIDATION.NUMERICDIGIT | DP:NAMEVALIDATION.SPECIALCHARACTER | DP:NAMEVALIDATION.UPPERLOWER | DP:NAMEVALIDATION.UPPERLOWERNUMERIC | DP:NAMEVALIDATION.UPPERLOWERNUMERICSPECIAL | ! |  Time elapsed: 0.016 sec  <<< ERROR!
org.openqa.selenium.NoAlertPresentException: no alert open
  (Session info: chrome=56.0.2924.87)
  (Driver info: chromedriver=2.25.426923 (0390b88869384d6eb0d5d09729679f934aab9eed),platform=Windows NT 6.3.9600 x86_64) (WARNING: The server did not provide any stacktrace information)
Command duration or timeout: 0 milliseconds
Build info: version: '2.53.0', revision: '35ae25b1534ae328c771e0856c93e187490ca824', time: '2016-03-15 10:43:46'
System info: host: 'CODOID', ip: '10.161.243.104', os.name: 'Windows 8.1', os.arch: 'amd64', os.version: '6.3', java.version: '1.8.0_91'
Driver info: org.openqa.selenium.chrome.ChromeDriver
Capabilities [{applicationCacheEnabled=false, rotatable=false, mobileEmulationEnabled=false, networkConnectionEnabled=false, chrome={chromedriverVersion=2.25.426923 (0390b88869384d6eb0d5d09729679f934aab9eed), userDataDir=C:\Users\CODOID~1\AppData\Local\Temp\scoped_dir2176_14542}, takesHeapSnapshot=true, pageLoadStrategy=normal, databaseEnabled=false, handlesAlerts=true, hasTouchScreen=false, version=56.0.2924.87, platform=WIN8_1, browserConnectionEnabled=false, nativeEvents=true, acceptSslCerts=true, locationContextEnabled=true, webStorageEnabled=true, browserName=chrome, takesScreenshot=true, javascriptEnabled=true, cssSelectorsEnabled=true}]
Session ID: 8c4845806ffe0d73821faceaa901a606
	at sun.reflect.GeneratedConstructorAccessor20.newInstance(Unknown Source)
	at sun.reflect.DelegatingConstructorAccessorImpl.newInstance(DelegatingConstructorAccessorImpl.java:45)
	at java.lang.reflect.Constructor.newInstance(Constructor.java:423)
	at org.openqa.selenium.remote.ErrorHandler.createThrowable(ErrorHandler.java:206)
	at org.openqa.selenium.remote.ErrorHandler.throwIfResponseFailed(ErrorHandler.java:158)
	at org.openqa.selenium.remote.RemoteWebDriver.execute(RemoteWebDriver.java:678)
	at org.openqa.selenium.remote.RemoteWebDriver.execute(RemoteWebDriver.java:701)
	at org.openqa.selenium.remote.RemoteWebDriver$RemoteTargetLocator.alert(RemoteWebDriver.java:1049)
	at org.openqa.selenium.support.events.EventFiringWebDriver$EventFiringTargetLocator.alert(EventFiringWebDriver.java:615)
	at cengage.common.toolbox.Alert.acceptAlert(Alert.java:19)
	at cengage.samlms.action.SAMAssignmentsAction.acceptPopup(SAMAssignmentsAction.java:851)
	at cengage.samlms.stepdefinition.SAMAssignmentsSteps.I_click_on_OK_button_in_Project_Creation(SAMAssignmentsSteps.java:619)
	at ?.And I click on OK button in Project Creation(test/resources/cengage/samlms/lms_stories/LMSStoriesModule4.feature:275)
And I accept the pop-up(| DP:SUPER.USERNAME | DP:SUPER.PASSWORD | DP:NAMEVALIDATION.WARNINGMESSAGE | Projects | DP:SECTIONS.SECTIONNAME2 | N | SAM Assignments | Express Creation | DP:TEXTBOOK.BOOK | Y | DP:NAMEVALIDATION.LOWERCASE | DP:NAMEVALIDATION.UPPERCASE | DP:NAMEVALIDATION.MINCHAR | DP:NAMEVALIDATION.MAXCHAR | DP:NAMEVALIDATION.NUMERICDIGIT | DP:NAMEVALIDATION.SPECIALCHARACTER | DP:NAMEVALIDATION.UPPERLOWER | DP:NAMEVALIDATION.UPPERLOWERNUMERIC | DP:NAMEVALIDATION.UPPERLOWERNUMERICSPECIAL | ! |)  Time elapsed: 0 sec  <<< ERROR!
org.openqa.selenium.NoAlertPresentException: no alert open
  (Session info: chrome=56.0.2924.87)
  (Driver info: chromedriver=2.25.426923 (0390b88869384d6eb0d5d09729679f934aab9eed),platform=Windows NT 6.3.9600 x86_64) (WARNING: The server did not provide any stacktrace information)
Command duration or timeout: 0 milliseconds
Build info: version: '2.53.0', revision: '35ae25b1534ae328c771e0856c93e187490ca824', time: '2016-03-15 10:43:46'
System info: host: 'CODOID', ip: '10.161.243.104', os.name: 'Windows 8.1', os.arch: 'amd64', os.version: '6.3', java.version: '1.8.0_91'
Driver info: org.openqa.selenium.chrome.ChromeDriver
Capabilities [{applicationCacheEnabled=false, rotatable=false, mobileEmulationEnabled=false, networkConnectionEnabled=false, chrome={chromedriverVersion=2.25.426923 (0390b88869384d6eb0d5d09729679f934aab9eed), userDataDir=C:\Users\CODOID~1\AppData\Local\Temp\scoped_dir2176_14542}, takesHeapSnapshot=true, pageLoadStrategy=normal, databaseEnabled=false, handlesAlerts=true, hasTouchScreen=false, version=56.0.2924.87, platform=WIN8_1, browserConnectionEnabled=false, nativeEvents=true, acceptSslCerts=true, locationContextEnabled=true, webStorageEnabled=true, browserName=chrome, takesScreenshot=true, javascriptEnabled=true, cssSelectorsEnabled=true}]
Session ID: 8c4845806ffe0d73821faceaa901a606
	at sun.reflect.GeneratedConstructorAccessor20.newInstance(Unknown Source)
	at sun.reflect.DelegatingConstructorAccessorImpl.newInstance(DelegatingConstructorAccessorImpl.java:45)
	at java.lang.reflect.Constructor.newInstance(Constructor.java:423)
	at org.openqa.selenium.remote.ErrorHandler.createThrowable(ErrorHandler.java:206)
	at org.openqa.selenium.remote.ErrorHandler.throwIfResponseFailed(ErrorHandler.java:158)
	at org.openqa.selenium.remote.RemoteWebDriver.execute(RemoteWebDriver.java:678)
	at org.openqa.selenium.remote.RemoteWebDriver.execute(RemoteWebDriver.java:701)
	at org.openqa.selenium.remote.RemoteWebDriver$RemoteTargetLocator.alert(RemoteWebDriver.java:1049)
	at org.openqa.selenium.support.events.EventFiringWebDriver$EventFiringTargetLocator.alert(EventFiringWebDriver.java:615)
	at cengage.common.toolbox.Alert.acceptAlert(Alert.java:19)
	at cengage.samlms.action.SAMAssignmentsAction.acceptPopup(SAMAssignmentsAction.java:851)
	at cengage.samlms.stepdefinition.SAMAssignmentsSteps.I_accept_the_pop_up(SAMAssignmentsSteps.java:396)
	at ?.And I accept the pop-up(test/resources/cengage/samlms/lms_stories/LMSStoriesModule4.feature:375)
| DP:SUPER.USERNAME | DP:SUPER.PASSWORD | DP:NAMEVALIDATION.WARNINGMESSAGE | Projects | DP:SECTIONS.SECTIONNAME2 | N | SAM Assignments | Express Creation | DP:TEXTBOOK.BOOK | Y | DP:NAMEVALIDATION.LOWERCASE | DP:NAMEVALIDATION.UPPERCASE | DP:NAMEVALIDATION.MINCHAR | DP:NAMEVALIDATION.MAXCHAR | DP:NAMEVALIDATION.NUMERICDIGIT | DP:NAMEVALIDATION.SPECIALCHARACTER | DP:NAMEVALIDATION.UPPERLOWER | DP:NAMEVALIDATION.UPPERLOWERNUMERIC | DP:NAMEVALIDATION.UPPERLOWERNUMERICSPECIAL | ! |  Time elapsed: 0 sec  <<< ERROR!
org.openqa.selenium.NoAlertPresentException: no alert open
  (Session info: chrome=56.0.2924.87)
  (Driver info: chromedriver=2.25.426923 (0390b88869384d6eb0d5d09729679f934aab9eed),platform=Windows NT 6.3.9600 x86_64) (WARNING: The server did not provide any stacktrace information)
Command duration or timeout: 0 milliseconds
Build info: version: '2.53.0', revision: '35ae25b1534ae328c771e0856c93e187490ca824', time: '2016-03-15 10:43:46'
System info: host: 'CODOID', ip: '10.161.243.104', os.name: 'Windows 8.1', os.arch: 'amd64', os.version: '6.3', java.version: '1.8.0_91'
Driver info: org.openqa.selenium.chrome.ChromeDriver
Capabilities [{applicationCacheEnabled=false, rotatable=false, mobileEmulationEnabled=false, networkConnectionEnabled=false, chrome={chromedriverVersion=2.25.426923 (0390b88869384d6eb0d5d09729679f934aab9eed), userDataDir=C:\Users\CODOID~1\AppData\Local\Temp\scoped_dir2176_14542}, takesHeapSnapshot=true, pageLoadStrategy=normal, databaseEnabled=false, handlesAlerts=true, hasTouchScreen=false, version=56.0.2924.87, platform=WIN8_1, browserConnectionEnabled=false, nativeEvents=true, acceptSslCerts=true, locationContextEnabled=true, webStorageEnabled=true, browserName=chrome, takesScreenshot=true, javascriptEnabled=true, cssSelectorsEnabled=true}]
Session ID: 8c4845806ffe0d73821faceaa901a606
	at sun.reflect.GeneratedConstructorAccessor20.newInstance(Unknown Source)
	at sun.reflect.DelegatingConstructorAccessorImpl.newInstance(DelegatingConstructorAccessorImpl.java:45)
	at java.lang.reflect.Constructor.newInstance(Constructor.java:423)
	at org.openqa.selenium.remote.ErrorHandler.createThrowable(ErrorHandler.java:206)
	at org.openqa.selenium.remote.ErrorHandler.throwIfResponseFailed(ErrorHandler.java:158)
	at org.openqa.selenium.remote.RemoteWebDriver.execute(RemoteWebDriver.java:678)
	at org.openqa.selenium.remote.RemoteWebDriver.execute(RemoteWebDriver.java:701)
	at org.openqa.selenium.remote.RemoteWebDriver$RemoteTargetLocator.alert(RemoteWebDriver.java:1049)
	at org.openqa.selenium.support.events.EventFiringWebDriver$EventFiringTargetLocator.alert(EventFiringWebDriver.java:615)
	at cengage.common.toolbox.Alert.acceptAlert(Alert.java:19)
	at cengage.samlms.action.SAMAssignmentsAction.acceptPopup(SAMAssignmentsAction.java:851)
	at cengage.samlms.stepdefinition.SAMAssignmentsSteps.I_accept_the_pop_up(SAMAssignmentsSteps.java:396)
	at ?.And I accept the pop-up(test/resources/cengage/samlms/lms_stories/LMSStoriesModule4.feature:375)
And I accept the pop-up(| DP:SUPER.USERNAME | DP:SUPER.PASSWORD | DP:NAMEVALIDATION.WARNINGMESSAGE | Projects | DP:SECTIONS.SECTIONNAME2 | N | SAM Assignments | Express Creation | DP:TEXTBOOK.BOOK | Y | DP:NAMEVALIDATION.LOWERCASE | DP:NAMEVALIDATION.UPPERCASE | DP:NAMEVALIDATION.MINCHAR | DP:NAMEVALIDATION.MAXCHAR | DP:NAMEVALIDATION.NUMERICDIGIT | DP:NAMEVALIDATION.SPECIALCHARACTER | DP:NAMEVALIDATION.UPPERLOWER | DP:NAMEVALIDATION.UPPERLOWERNUMERIC | DP:NAMEVALIDATION.UPPERLOWERNUMERICSPECIAL | ! |)  Time elapsed: 0 sec  <<< ERROR!
org.openqa.selenium.NoAlertPresentException: no alert open
  (Session info: chrome=56.0.2924.87)
  (Driver info: chromedriver=2.25.426923 (0390b88869384d6eb0d5d09729679f934aab9eed),platform=Windows NT 6.3.9600 x86_64) (WARNING: The server did not provide any stacktrace information)
Command duration or timeout: 0 milliseconds
Build info: version: '2.53.0', revision: '35ae25b1534ae328c771e0856c93e187490ca824', time: '2016-03-15 10:43:46'
System info: host: 'CODOID', ip: '10.161.243.104', os.name: 'Windows 8.1', os.arch: 'amd64', os.version: '6.3', java.version: '1.8.0_91'
Driver info: org.openqa.selenium.chrome.ChromeDriver
Capabilities [{applicationCacheEnabled=false, rotatable=false, mobileEmulationEnabled=false, networkConnectionEnabled=false, chrome={chromedriverVersion=2.25.426923 (0390b88869384d6eb0d5d09729679f934aab9eed), userDataDir=C:\Users\CODOID~1\AppData\Local\Temp\scoped_dir2176_14542}, takesHeapSnapshot=true, pageLoadStrategy=normal, databaseEnabled=false, handlesAlerts=true, hasTouchScreen=false, version=56.0.2924.87, platform=WIN8_1, browserConnectionEnabled=false, nativeEvents=true, acceptSslCerts=true, locationContextEnabled=true, webStorageEnabled=true, browserName=chrome, takesScreenshot=true, javascriptEnabled=true, cssSelectorsEnabled=true}]
Session ID: 8c4845806ffe0d73821faceaa901a606
	at sun.reflect.GeneratedConstructorAccessor20.newInstance(Unknown Source)
	at sun.reflect.DelegatingConstructorAccessorImpl.newInstance(DelegatingConstructorAccessorImpl.java:45)
	at java.lang.reflect.Constructor.newInstance(Constructor.java:423)
	at org.openqa.selenium.remote.ErrorHandler.createThrowable(ErrorHandler.java:206)
	at org.openqa.selenium.remote.ErrorHandler.throwIfResponseFailed(ErrorHandler.java:158)
	at org.openqa.selenium.remote.RemoteWebDriver.execute(RemoteWebDriver.java:678)
	at org.openqa.selenium.remote.RemoteWebDriver.execute(RemoteWebDriver.java:701)
	at org.openqa.selenium.remote.RemoteWebDriver$RemoteTargetLocator.alert(RemoteWebDriver.java:1049)
	at org.openqa.selenium.support.events.EventFiringWebDriver$EventFiringTargetLocator.alert(EventFiringWebDriver.java:615)
	at cengage.common.toolbox.Alert.acceptAlert(Alert.java:19)
	at cengage.samlms.action.SAMAssignmentsAction.acceptPopup(SAMAssignmentsAction.java:851)
	at cengage.samlms.stepdefinition.SAMAssignmentsSteps.I_accept_the_pop_up(SAMAssignmentsSteps.java:396)
	at ?.And I accept the pop-up(test/resources/cengage/samlms/lms_stories/LMSStoriesModule4.feature:459)
| DP:SUPER.USERNAME | DP:SUPER.PASSWORD | DP:NAMEVALIDATION.WARNINGMESSAGE | Projects | DP:SECTIONS.SECTIONNAME2 | N | SAM Assignments | Express Creation | DP:TEXTBOOK.BOOK | Y | DP:NAMEVALIDATION.LOWERCASE | DP:NAMEVALIDATION.UPPERCASE | DP:NAMEVALIDATION.MINCHAR | DP:NAMEVALIDATION.MAXCHAR | DP:NAMEVALIDATION.NUMERICDIGIT | DP:NAMEVALIDATION.SPECIALCHARACTER | DP:NAMEVALIDATION.UPPERLOWER | DP:NAMEVALIDATION.UPPERLOWERNUMERIC | DP:NAMEVALIDATION.UPPERLOWERNUMERICSPECIAL | ! |  Time elapsed: 0 sec  <<< ERROR!
org.openqa.selenium.NoAlertPresentException: no alert open
  (Session info: chrome=56.0.2924.87)
  (Driver info: chromedriver=2.25.426923 (0390b88869384d6eb0d5d09729679f934aab9eed),platform=Windows NT 6.3.9600 x86_64) (WARNING: The server did not provide any stacktrace information)
Command duration or timeout: 0 milliseconds
Build info: version: '2.53.0', revision: '35ae25b1534ae328c771e0856c93e187490ca824', time: '2016-03-15 10:43:46'
System info: host: 'CODOID', ip: '10.161.243.104', os.name: 'Windows 8.1', os.arch: 'amd64', os.version: '6.3', java.version: '1.8.0_91'
Driver info: org.openqa.selenium.chrome.ChromeDriver
Capabilities [{applicationCacheEnabled=false, rotatable=false, mobileEmulationEnabled=false, networkConnectionEnabled=false, chrome={chromedriverVersion=2.25.426923 (0390b88869384d6eb0d5d09729679f934aab9eed), userDataDir=C:\Users\CODOID~1\AppData\Local\Temp\scoped_dir2176_14542}, takesHeapSnapshot=true, pageLoadStrategy=normal, databaseEnabled=false, handlesAlerts=true, hasTouchScreen=false, version=56.0.2924.87, platform=WIN8_1, browserConnectionEnabled=false, nativeEvents=true, acceptSslCerts=true, locationContextEnabled=true, webStorageEnabled=true, browserName=chrome, takesScreenshot=true, javascriptEnabled=true, cssSelectorsEnabled=true}]
Session ID: 8c4845806ffe0d73821faceaa901a606
	at sun.reflect.GeneratedConstructorAccessor20.newInstance(Unknown Source)
	at sun.reflect.DelegatingConstructorAccessorImpl.newInstance(DelegatingConstructorAccessorImpl.java:45)
	at java.lang.reflect.Constructor.newInstance(Constructor.java:423)
	at org.openqa.selenium.remote.ErrorHandler.createThrowable(ErrorHandler.java:206)
	at org.openqa.selenium.remote.ErrorHandler.throwIfResponseFailed(ErrorHandler.java:158)
	at org.openqa.selenium.remote.RemoteWebDriver.execute(RemoteWebDriver.java:678)
	at org.openqa.selenium.remote.RemoteWebDriver.execute(RemoteWebDriver.java:701)
	at org.openqa.selenium.remote.RemoteWebDriver$RemoteTargetLocator.alert(RemoteWebDriver.java:1049)
	at org.openqa.selenium.support.events.EventFiringWebDriver$EventFiringTargetLocator.alert(EventFiringWebDriver.java:615)
	at cengage.common.toolbox.Alert.acceptAlert(Alert.java:19)
	at cengage.samlms.action.SAMAssignmentsAction.acceptPopup(SAMAssignmentsAction.java:851)
	at cengage.samlms.stepdefinition.SAMAssignmentsSteps.I_accept_the_pop_up(SAMAssignmentsSteps.java:396)
	at ?.And I accept the pop-up(test/resources/cengage/samlms/lms_stories/LMSStoriesModule4.feature:459)
Then I click on N exam type AssignmentName: abcdefghijklmnopqrstuvwxyz\u002CABCDEFGHIJKLMNOPQRSTUVWXZZ\u002C0123456789\u002C$$$$$$\u002CabcdefABCD\u002CabcdABCD123\u002CABaab12@(| DP:USERMODULEUSERS.INSTRUCTOR6.USERNAME | DP:SUPER.PASSWORD | Activity List | N | Y | DP:SECTIONS.SECTIONNAME2 | abcdefghijklmnopqrstuvwxyz | ABCDEFGHIJKLMNOPQRSTUVWXZZ | 0123456789 | $$$$$$ | abcdefABCD | abcdABCD123 | ABaab12@ |)  Time elapsed: 0 sec  <<< FAILURE!
java.lang.AssertionError
	at org.junit.Assert.fail(Assert.java:86)
	at org.junit.Assert.assertTrue(Assert.java:41)
	at org.junit.Assert.assertTrue(Assert.java:52)
	at cengage.samlms.stepdefinition.StudentActivitiesSteps.iClickOnUIDFlagExamTypeAssignmentNameAssignmentNameAssignmentNameAssignmentNameAssignmentNameAssignmentNameAssignmentNameAssignmentName(StudentActivitiesSteps.java:546)
	at ?.Then I click on N exam type AssignmentName: abcdefghijklmnopqrstuvwxyz,ABCDEFGHIJKLMNOPQRSTUVWXZZ,0123456789,$$$$$$,abcdefABCD,abcdABCD123,ABaab12@(test/resources/cengage/samlms/lms_stories/LMSStoriesModule4.feature:545)
| DP:USERMODULEUSERS.INSTRUCTOR6.USERNAME | DP:SUPER.PASSWORD | Activity List | N | Y | DP:SECTIONS.SECTIONNAME2 | abcdefghijklmnopqrstuvwxyz | ABCDEFGHIJKLMNOPQRSTUVWXZZ | 0123456789 | $$$$$$ | abcdefABCD | abcdABCD123 | ABaab12@ |  Time elapsed: 0 sec  <<< FAILURE!
java.lang.AssertionError
	at org.junit.Assert.fail(Assert.java:86)
	at org.junit.Assert.assertTrue(Assert.java:41)
	at org.junit.Assert.assertTrue(Assert.java:52)
	at cengage.samlms.stepdefinition.StudentActivitiesSteps.iClickOnUIDFlagExamTypeAssignmentNameAssignmentNameAssignmentNameAssignmentNameAssignmentNameAssignmentNameAssignmentNameAssignmentName(StudentActivitiesSteps.java:546)
	at ?.Then I click on N exam type AssignmentName: abcdefghijklmnopqrstuvwxyz,ABCDEFGHIJKLMNOPQRSTUVWXZZ,0123456789,$$$$$$,abcdefABCD,abcdABCD123,ABaab12@(test/resources/cengage/samlms/lms_stories/LMSStoriesModule4.feature:545)
Then I click on N exam type AssignmentName: abcdefghijklmnopqrstuvwxyz\u002CABCDEFGHIJKLMNOPQRSTUVWXZZ\u002C0123456789\u002C$$$$$$\u002CabcdefABCD\u002CabcdABCD123\u002CABaab12@(| DP:STUDENTS.STUDENT3.USERNAME | DP:SUPER.PASSWORD | Sections | Activities | Join a Section | Activity List | DP:SECTIONS.SECTIONNAME2 | N | Y | abcdefghijklmnopqrstuvwxyz | ABCDEFGHIJKLMNOPQRSTUVWXZZ | 0123456789 | $$$$$$ | abcdefABCD | abcdABCD123 | ABaab12@ |)  Time elapsed: 0 sec  <<< FAILURE!
java.lang.AssertionError
	at org.junit.Assert.fail(Assert.java:86)
	at org.junit.Assert.assertTrue(Assert.java:41)
	at org.junit.Assert.assertTrue(Assert.java:52)
	at cengage.samlms.stepdefinition.StudentActivitiesSteps.iClickOnUIDFlagExamTypeAssignmentNameAssignmentNameAssignmentNameAssignmentNameAssignmentNameAssignmentNameAssignmentNameAssignmentName(StudentActivitiesSteps.java:546)
	at ?.Then I click on N exam type AssignmentName: abcdefghijklmnopqrstuvwxyz,ABCDEFGHIJKLMNOPQRSTUVWXZZ,0123456789,$$$$$$,abcdefABCD,abcdABCD123,ABaab12@(test/resources/cengage/samlms/lms_stories/LMSStoriesModule4.feature:567)
| DP:STUDENTS.STUDENT3.USERNAME | DP:SUPER.PASSWORD | Sections | Activities | Join a Section | Activity List | DP:SECTIONS.SECTIONNAME2 | N | Y | abcdefghijklmnopqrstuvwxyz | ABCDEFGHIJKLMNOPQRSTUVWXZZ | 0123456789 | $$$$$$ | abcdefABCD | abcdABCD123 | ABaab12@ |  Time elapsed: 0 sec  <<< FAILURE!
java.lang.AssertionError
	at org.junit.Assert.fail(Assert.java:86)
	at org.junit.Assert.assertTrue(Assert.java:41)
	at org.junit.Assert.assertTrue(Assert.java:52)
	at cengage.samlms.stepdefinition.StudentActivitiesSteps.iClickOnUIDFlagExamTypeAssignmentNameAssignmentNameAssignmentNameAssignmentNameAssignmentNameAssignmentNameAssignmentNameAssignmentName(StudentActivitiesSteps.java:546)
	at ?.Then I click on N exam type AssignmentName: abcdefghijklmnopqrstuvwxyz,ABCDEFGHIJKLMNOPQRSTUVWXZZ,0123456789,$$$$$$,abcdefABCD,abcdABCD123,ABaab12@(test/resources/cengage/samlms/lms_stories/LMSStoriesModule4.feature:567)
And I disable chrome:\/\/plugins\/ flash player(| DP:SUPER.USERNAME | DP:SUPER.PASSWORD | DP:STUDENTS.STUDENT3.USERNAME | Activities | Join a Section | DP:SECTIONS.SECTIONNAME2 | Sections | DP:EXAMASSIGNMENTS.EXAMNAME2 | DP:TRAININGASSIGNMENTS.TRAININGNAME2 | Activity List | chrome:\/\/plugins\/ | DP:TEXTBOOK.BOOK | DP:TEXTBOOK.CHAPTERS | Training | DP:SAMPATHASSIGNMENTS.SAMPATHNAME | DP:EXAMASSIGNMENTS.EXAMNAME1 | DP:TRAININGASSIGNMENTS.TRAININGNAME1 | SAM Assignments | SAM Assignments | Exams | Training | Y | N |)  Time elapsed: 0 sec  <<< ERROR!
java.lang.ArrayIndexOutOfBoundsException: 1
	at cengage.common.toolbox.Window.focusWindow(Window.java:24)
	at cengage.samlms.action.AdminPageAction.openNewTab(AdminPageAction.java:319)
	at cengage.samlms.stepdefinition.AdminSteps.iDisableUrlFlashPlayer(AdminSteps.java:123)
	at ?.And I disable chrome://plugins/ flash player(test/resources/cengage/samlms/lms_stories/LMSStoriesModule4.feature:826)
| DP:SUPER.USERNAME | DP:SUPER.PASSWORD | DP:STUDENTS.STUDENT3.USERNAME | Activities | Join a Section | DP:SECTIONS.SECTIONNAME2 | Sections | DP:EXAMASSIGNMENTS.EXAMNAME2 | DP:TRAININGASSIGNMENTS.TRAININGNAME2 | Activity List | chrome:\/\/plugins\/ | DP:TEXTBOOK.BOOK | DP:TEXTBOOK.CHAPTERS | Training | DP:SAMPATHASSIGNMENTS.SAMPATHNAME | DP:EXAMASSIGNMENTS.EXAMNAME1 | DP:TRAININGASSIGNMENTS.TRAININGNAME1 | SAM Assignments | SAM Assignments | Exams | Training | Y | N |  Time elapsed: 0 sec  <<< ERROR!
java.lang.ArrayIndexOutOfBoundsException: 1
	at cengage.common.toolbox.Window.focusWindow(Window.java:24)
	at cengage.samlms.action.AdminPageAction.openNewTab(AdminPageAction.java:319)
	at cengage.samlms.stepdefinition.AdminSteps.iDisableUrlFlashPlayer(AdminSteps.java:123)
	at ?.And I disable chrome://plugins/ flash player(test/resources/cengage/samlms/lms_stories/LMSStoriesModule4.feature:826)
